<?xml version="1.0" encoding="UTF-8"?>
<!-- Generated by org.testng.reporters.JUnitReportReporter -->
<testsuite skipped="0" hostname="DESKTOP-8G3MUB9" name="HomePage.Sample" tests="2" failures="0" timestamp="2021-03-27T19:25:14 IST" time="0.015" errors="0">
  <testcase name="method2" time="0.003" classname="HomePage.Sample"/>
  <system-out/>
  <testcase name="method" time="0.012" classname="HomePage.Sample"/>
  <system-out/>
</testsuite> <!-- HomePage.Sample -->
