<?xml version="1.0" encoding="UTF-8"?>
<!-- Generated by org.testng.reporters.JUnitReportReporter -->
<testsuite skipped="0" hostname="DESKTOP-8G3MUB9" name="Dummy.Dummy1" tests="1" failures="0" timestamp="2021-03-06T18:09:13 IST" time="0.018" errors="0">
  <testcase name="main" time="0.018" classname="Dummy.Dummy1"/>
  <system-out/>
</testsuite> <!-- Dummy.Dummy1 -->
