<?xml version="1.0" encoding="UTF-8"?>
<!-- Generated by org.testng.reporters.JUnitReportReporter -->
<testsuite skipped="0" hostname="DESKTOP-8G3MUB9" name="Dummy.Dummy13" tests="3" failures="0" timestamp="2021-03-04T21:33:10 IST" time="0.394" errors="0">
  <testcase name="method2" time="0.240" classname="Dummy.Dummy13"/>
  <system-out/>
  <testcase name="method2" time="0.107" classname="Dummy.Dummy13"/>
  <system-out/>
  <testcase name="method2" time="0.047" classname="Dummy.Dummy13"/>
  <system-out/>
</testsuite> <!-- Dummy.Dummy13 -->
