<?xml version="1.0" encoding="UTF-8"?>
<!-- Generated by org.testng.reporters.JUnitReportReporter -->
<testsuite skipped="0" hostname="DESKTOP-8G3MUB9" name="Dummy.Dummy15" tests="2" failures="0" timestamp="2021-03-05T20:29:18 IST" time="0.013" errors="0">
  <testcase name="method2" time="0.011" classname="Dummy.Dummy15"/>
  <system-out/>
  <testcase name="method2" time="0.002" classname="Dummy.Dummy15"/>
  <system-out/>
</testsuite> <!-- Dummy.Dummy15 -->
