<?xml version="1.0" encoding="UTF-8"?>
<!-- Generated by org.testng.reporters.JUnitReportReporter -->
<testsuite skipped="0" hostname="DESKTOP-8G3MUB9" name="Dummy.Dummy16" tests="2" failures="0" timestamp="2021-03-06T14:15:58 IST" time="0.013" errors="0">
  <testcase name="numberAddition" time="0.002" classname="Dummy.Dummy16"/>
  <system-out/>
  <testcase name="numberAddition" time="0.011" classname="Dummy.Dummy16"/>
  <system-out/>
</testsuite> <!-- Dummy.Dummy16 -->
