<?xml version="1.0" encoding="UTF-8"?>
<!-- Generated by org.testng.reporters.JUnitReportReporter -->
<testsuite skipped="0" hostname="DESKTOP-8G3MUB9" name="Dummy.Dummy21" tests="1" failures="0" timestamp="2021-03-06T19:21:30 IST" time="14.597" errors="0">
  <testcase name="method1" time="14.597" classname="Dummy.Dummy21"/>
  <system-out>
chrome browser Opened <a href="F:\batch 251\selenium_framworks\Frameworks\org.magnitia.5TDD\target\06-Mar-2021-07-21-28.png"><img src="F:\batch 251\selenium_framworks\Frameworks\org.magnitia.5TDD\target\06-Mar-2021-07-21-28.png" height="100" width="100"/></a>  </system-out>
</testsuite> <!-- Dummy.Dummy21 -->
