<?xml version="1.0" encoding="UTF-8"?>
<!-- Generated by org.testng.reporters.JUnitReportReporter -->
<testsuite skipped="0" hostname="DESKTOP-8G3MUB9" name="Dummy.Dummy4" tests="1" failures="0" timestamp="2021-03-02T20:44:34 IST" time="0.022" errors="0">
  <testcase name="method" time="0.022" classname="Dummy.Dummy4"/>
  <system-out/>
</testsuite> <!-- Dummy.Dummy4 -->
