<?xml version="1.0" encoding="UTF-8"?>
<!-- Generated by org.testng.reporters.JUnitReportReporter -->
<testsuite skipped="0" hostname="DESKTOP-8G3MUB9" name="Dummy.Dummy12" tests="8" failures="0" timestamp="2021-03-05T21:17:47 IST" time="0.035" errors="0">
  <testcase name="numbersAddition" time="0.010" classname="Dummy.Dummy12"/>
  <system-out/>
  <testcase name="numbersAddition" time="0.002" classname="Dummy.Dummy12"/>
  <system-out/>
  <testcase name="stringContract" time="0.001" classname="Dummy.Dummy12"/>
  <system-out/>
  <testcase name="numbersSubstract" time="0.009" classname="Dummy.Dummy12"/>
  <system-out/>
  <testcase name="numbersAddition" time="0.002" classname="Dummy.Dummy12"/>
  <system-out/>
  <testcase name="numbersSubstract" time="0.003" classname="Dummy.Dummy12"/>
  <system-out/>
  <testcase name="stringContract" time="0.002" classname="Dummy.Dummy12"/>
  <system-out/>
  <testcase name="numbersSubstract" time="0.006" classname="Dummy.Dummy12"/>
  <system-out/>
</testsuite> <!-- Dummy.Dummy12 -->
