<?xml version="1.0" encoding="UTF-8"?>
<!-- Generated by org.testng.reporters.JUnitReportReporter -->
<testsuite skipped="0" hostname="DESKTOP-8G3MUB9" name="Dummy.Dummy19" tests="1" failures="0" timestamp="2021-03-06T16:36:26 IST" time="0.016" errors="0">
  <testcase name="method1" time="0.016" classname="Dummy.Dummy19"/>
  <system-out/>
</testsuite> <!-- Dummy.Dummy19 -->
