<?xml version="1.0" encoding="UTF-8"?>
<!-- Generated by org.testng.reporters.JUnitReportReporter -->
<testsuite skipped="0" hostname="DESKTOP-8G3MUB9" name="Dummy.Dummy17" tests="3" failures="0" timestamp="2021-03-06T16:05:53 IST" time="0.019" errors="0">
  <testcase name="method2" time="0.002" classname="Dummy.Dummy17"/>
  <system-out/>
  <testcase name="method2" time="0.012" classname="Dummy.Dummy17"/>
  <system-out/>
  <testcase name="method2" time="0.005" classname="Dummy.Dummy17"/>
  <system-out/>
</testsuite> <!-- Dummy.Dummy17 -->
