<?xml version="1.0" encoding="UTF-8"?>
<!-- Generated by org.testng.reporters.JUnitReportReporter -->
<testsuite skipped="0" hostname="DESKTOP-8G3MUB9" name="Dummy.Dummy6" tests="3" failures="0" timestamp="2021-03-02T21:10:37 IST" time="0.014" errors="0">
  <testcase name="method" time="0.001" classname="Dummy.Dummy6"/>
  <system-out/>
  <testcase name="method" time="0.011" classname="Dummy.Dummy6"/>
  <system-out/>
  <testcase name="method" time="0.002" classname="Dummy.Dummy6"/>
  <system-out/>
</testsuite> <!-- Dummy.Dummy6 -->
