<?xml version="1.0" encoding="UTF-8"?>
<!-- Generated by org.testng.reporters.JUnitReportReporter -->
<testsuite skipped="0" hostname="DESKTOP-8G3MUB9" name="Dummy.Dummy10" tests="6" failures="0" timestamp="2021-03-03T20:42:09 IST" time="0.025" errors="0">
  <testcase name="method2" time="0.010" classname="Dummy.Dummy10"/>
  <system-out/>
  <testcase name="method2" time="0.002" classname="Dummy.Dummy10"/>
  <system-out/>
  <testcase name="method2" time="0.005" classname="Dummy.Dummy10"/>
  <system-out/>
  <testcase name="method3" time="0.003" classname="Dummy.Dummy10"/>
  <system-out/>
  <testcase name="method3" time="0.003" classname="Dummy.Dummy10"/>
  <system-out/>
  <testcase name="method3" time="0.002" classname="Dummy.Dummy10"/>
  <system-out/>
</testsuite> <!-- Dummy.Dummy10 -->
