<?xml version="1.0" encoding="UTF-8"?>
<!-- Generated by org.testng.reporters.JUnitReportReporter -->
<testsuite skipped="0" hostname="DESKTOP-8G3MUB9" name="Dummy.Dummy7" tests="4" failures="0" timestamp="2021-03-02T21:19:44 IST" time="0.024" errors="0">
  <testcase name="method1" time="0.016" classname="Dummy.Dummy7"/>
  <system-out/>
  <testcase name="method2" time="0.002" classname="Dummy.Dummy7"/>
  <system-out/>
  <testcase name="method3" time="0.003" classname="Dummy.Dummy7"/>
  <system-out/>
  <testcase name="mehtod4" time="0.003" classname="Dummy.Dummy7"/>
  <system-out/>
</testsuite> <!-- Dummy.Dummy7 -->
